<?xml version="1.0" encoding="ISO-8859-1" ?>
<!DOCTYPE html PUBLIC "-//W3C//DTD XHTML 1.0 Strict//EN"
"http://www.w3.org/TR/xhtml1/DTD/xhtml1-strict.dtd">
<html xmlns="http://www.w3.org/1999/xhtml" xml:lang="en" lang="en">
<head>
  <meta http-equiv="Content-Type" content="text/html;charset=utf-8" />
  <meta name="description" content="TestNG unit test results." />
  <link href="css/bootstrap.min.css" rel="stylesheet" />
  <link href="css/reportngClass.css" rel="stylesheet" />
  <script type="text/javascript" src="js/reportngClass.js"></script>
  <script type="text/javascript" src="js/jquery-1.4.4.min.js"></script> 
  <script type="text/javascript" src="js/jquery.tablesorter.min.js"></script>
  <script type="text/javascript" src="js/json-min.js"></script>
  <script type="text/javascript">
	$(document).ready(function(){
		$('.tablesorter').tablesorter({sortList: [[0,0]]});
	});
  </script>
</head>
<body onload="doParse(); return false;" onkeypress="collapseExpand();">
<div class="well well-large">
	<b>Test Info</>
	<table class="table">
	  <tr>
	    <th>Test Name : </th>
	    <th>
	    	<div class="tooltipCustom">
	    		<img src="images/copy.png" width="10" height="15" alt="Copy to Clipboard" onclick="copyToClipboard('#testNameId')"/>
	    		<span class="tooltiptextCustom">Copy Test name</span>
			</div>
	    </th>
	    <th id="testNameId">Regression Test with Chrome</th> 
	  </tr>
	  <tr>
	    <th>Test Class : </th>
	    <th>
	    	<div class="tooltipCustom">
	    		<img src="images/copy.png" width="10" height="15" alt="Copy to Clipboard" onclick="copyToClipboard('#testClassId')"/>
	    		<span class="tooltiptextCustom">Copy full path Class name</span>
			</div>
	    	<div class="tooltipCustom">
	    		<img src="images/copy.png" width="10" height="15" alt="Copy to Clipboard" onclick="copyToClipboard('#testClassNameId')"/>
	    		<span class="tooltiptextCustom">Copy Class name</span>
			</div>
	    </th> 
	    <th id="testClassId">ui.TestLogin</th>
	    <th id="testClassNameId" hidden="true">TestLogin</th>
	  </tr>
	  <tr>
	    <th>Suite Name : </th>
	    <th>
	    	<div class="tooltipCustom">
	    		<img src="images/copy.png" width="10" height="15" alt="Copy to Clipboard" onclick="copyToClipboard('#suiteNameId')"/>
	    		<span class="tooltiptextCustom">Copy Suite name</span>
			</div>
		</th>
	    <th id="suiteNameId">Suite1</th>
	  </tr>
	  <tr>
	    <th>Suite XML : </th>
	    <th>
	    	<div class="tooltipCustom">
	    		<img src="images/copy.png" width="10" height="15" alt="Copy to Clipboard" onclick="copyToClipboard('#suiteXMLId')"/>
	    		<span class="tooltiptextCustom">Copy Suite full path name</span>
			</div>
	    	<div class="tooltipCustom">
	    		<img src="images/copy.png" width="10" height="15" alt="Copy to Clipboard" onclick="copyToClipboard('#suiteXMLNameId')"/>
	    		<span class="tooltiptextCustom">Copy Suite file name</span>
			</div>
	    </th> 
	  	<th id="suiteXMLId">D:\AutoTest\Final-exam\testng.xml</th>
	  	<th id="suiteXMLNameId" hidden="true">testng.xml</th>
	  </tr>
	  	  <tr>
	    <th>Total Time : </th>
	    <th></th>
	    <th>00:00:02</th> 
	  </tr>
	  <tr>
	    <th>Total Steps : </th>
	   	<th></th>
	    <th>2</th> 
	  </tr>
	  <tr>
	    <th>Status : </th>
	    <th></th>
	    <th><font color="yellow">SKIP</font></th> 
	  </tr>
	</table>
</div>
<div class="well well-large">
	<div class="row">
		<div class="col-xs-12">
	        <div class="text-right">
	            <button id="hideResults" type="button" class="btn-danger" onclick="collapseExpand(this);" onkeypress="collapseExpand(this);" class="btn pull-right" title="Click or Press Any key to collapse/expand All Failed Tests and Configuration Methods">Show Only Failures</button>
	        </div>
	    </div>
	</div>
	<table class="tablesorter" border="1">
		<thead>
		<tr>
		<th class="headerTime">Time</th>
		<th class="headerTime" width="12%">Info</th>
		<th class="headerTime" width="88%">Test</th>
		</tr>
		</thead>
		<tbody>
		
									<tr>
		<td class="time">1635158046635</td>
		<td class="header failedConfig" colspan="4" onClick="toggleElement('a2787c98-7c33-4de9-9324-1acfaa8a4509','block');changeSingleIcon('span-a2787c98-7c33-4de9-9324-1acfaa8a4509');" title="Click to expand/collapse" style="cursor: pointer;">
		<div style="float:left;"><i>Class&nbsp;:&nbsp;</i>ui.TestLogin</div>
		<div style="float:right;">@BeforeTest &nbsp;&nbsp;<span id='span-a2787c98-7c33-4de9-9324-1acfaa8a4509' class="glyphicon glyphicon-menu-down"></span></div>
		</td>
	</tr>
			<tr>
		<td class="time">1635158046635</td>
		<td class="methodConfiguration">
				<span class="description"><b>Class: </b>class ui.TestLogin</span><br>
		<span class="description"><b>Method: </b>setUp</span><br>
				<span class="duration"><b>Duration: </b>2.719s</span><br>
		</td>
		<td class="resultConfiguration">
									<i>Method arguments: </i><span class="arguments">"chrome"</span><br>
						<div class="stackTrace" id="a2787c98-7c33-4de9-9324-1acfaa8a4509">
								<a href="javascript:toggleElement('exception-a2787c98-7c33-4de9-9324-1acfaa8a4509','block')" title="Click to expand/collapse"><b>org.openqa.selenium.SessionNotCreatedException: Could not start a new session. Response code 500. Message: session not created<br/>
from tab crashed<br/>
&nbsp; (Session info: chrome=95.0.4638.54)<br/>
Build info: version: &apos;4.0.0-rc-2&apos;, revision: &apos;8d1e4aa5ae&apos;<br/>
System info: host: &apos;DESKTOP-LGJM8TM&apos;, ip: &apos;192.168.152.10&apos;, os.name: &apos;Windows 10&apos;, os.arch: &apos;amd64&apos;, os.version: &apos;10.0&apos;, java.version: &apos;17&apos;<br/>
Driver info: org.openqa.selenium.chrome.ChromeDriver<br/>
Command: [null, newSession {capabilities=[Capabilities {browserName: chrome, goog:chromeOptions: {args: [], extensions: []}}], desiredCapabilities=Capabilities {browserName: chrome, goog:chromeOptions: {args: [], extensions: []}}}]</b></a><br>
		    <div class="stackTrace" id="exception-a2787c98-7c33-4de9-9324-1acfaa8a4509">
							org.openqa.selenium.remote.ProtocolHandshake.createSession(ProtocolHandshake.java:126)<br>
							org.openqa.selenium.remote.ProtocolHandshake.createSession(ProtocolHandshake.java:84)<br>
							org.openqa.selenium.remote.ProtocolHandshake.createSession(ProtocolHandshake.java:62)<br>
							org.openqa.selenium.remote.HttpCommandExecutor.execute(HttpCommandExecutor.java:156)<br>
							org.openqa.selenium.remote.service.DriverCommandExecutor.invokeExecute(DriverCommandExecutor.java:164)<br>
							org.openqa.selenium.remote.service.DriverCommandExecutor.execute(DriverCommandExecutor.java:139)<br>
							org.openqa.selenium.remote.RemoteWebDriver.execute(RemoteWebDriver.java:559)<br>
							org.openqa.selenium.remote.RemoteWebDriver.startSession(RemoteWebDriver.java:246)<br>
							org.openqa.selenium.remote.RemoteWebDriver.&lt;init&gt;(RemoteWebDriver.java:168)<br>
							org.openqa.selenium.chromium.ChromiumDriver.&lt;init&gt;(ChromiumDriver.java:108)<br>
							org.openqa.selenium.chrome.ChromeDriver.&lt;init&gt;(ChromeDriver.java:104)<br>
							org.openqa.selenium.chrome.ChromeDriver.&lt;init&gt;(ChromeDriver.java:91)<br>
							org.openqa.selenium.chrome.ChromeDriver.&lt;init&gt;(ChromeDriver.java:46)<br>
							Pages.BasePage.setupDriver(BasePage.java:24)<br>
							ui.TestLogin.setUp(TestLogin.java:22)<br>
							java.base/jdk.internal.reflect.NativeMethodAccessorImpl.invoke0(Native Method)<br>
							java.base/jdk.internal.reflect.NativeMethodAccessorImpl.invoke(NativeMethodAccessorImpl.java:77)<br>
							java.base/jdk.internal.reflect.DelegatingMethodAccessorImpl.invoke(DelegatingMethodAccessorImpl.java:43)<br>
							java.base/java.lang.reflect.Method.invoke(Method.java:568)<br>
							org.testng.internal.MethodInvocationHelper.invokeMethod(MethodInvocationHelper.java:124)<br>
							org.testng.internal.MethodInvocationHelper.invokeMethodConsideringTimeout(MethodInvocationHelper.java:59)<br>
							org.testng.internal.Invoker.invokeConfigurationMethod(Invoker.java:458)<br>
							org.testng.internal.Invoker.invokeConfigurations(Invoker.java:222)<br>
							org.testng.internal.Invoker.invokeConfigurations(Invoker.java:142)<br>
							org.testng.TestRunner.beforeRun(TestRunner.java:529)<br>
							org.testng.TestRunner.run(TestRunner.java:497)<br>
							org.testng.SuiteRunner.runTest(SuiteRunner.java:455)<br>
							org.testng.SuiteRunner.access$000(SuiteRunner.java:40)<br>
							org.testng.SuiteRunner$SuiteWorker.run(SuiteRunner.java:489)<br>
							org.testng.internal.thread.ThreadUtil$1.call(ThreadUtil.java:52)<br>
							java.base/java.util.concurrent.FutureTask.run(FutureTask.java:264)<br>
							java.base/java.util.concurrent.ThreadPoolExecutor.runWorker(ThreadPoolExecutor.java:1136)<br>
							java.base/java.util.concurrent.ThreadPoolExecutor$Worker.run(ThreadPoolExecutor.java:635)<br>
							java.base/java.lang.Thread.run(Thread.java:833)<br>
									</div>
				</div>
		</td>
	</tr>
						
					    				<tr>
		<td class="time">1635158049395</td>
		<td class="header skippedConfig" colspan="4" onClick="toggleElement('164afd3e-28bd-4dea-a9dc-586f676f159b','block');changeSingleIcon('span-164afd3e-28bd-4dea-a9dc-586f676f159b');" title="Click to expand/collapse">
		<div style="float:left;"><i>Class&nbsp;:&nbsp;</i>ui.TestLogin</div>
		<div style="float:right;">@AfterTest &nbsp;&nbsp;<span id='span-164afd3e-28bd-4dea-a9dc-586f676f159b' class="glyphicon glyphicon-menu-down"></span></div>
		</td>
	</tr>
		<tr>
		<td class="time">1635158049395</td>
		<td class="methodConfiguration">
				<span class="description"><b>Class: </b>class ui.TestLogin</span><br>
		<span class="description"><b>Method: </b>tearDown</span><br>
				<span class="duration"><b>Duration: </b>0.000s</span><br>
		</td>
		<td class="resultConfiguration">
				 														<div class="stackTrace" id="164afd3e-28bd-4dea-a9dc-586f676f159b">
							</div>
		</td>
	</tr>
	    	    		
				
				
											<tr>
	<td class="time">1635158049394</td>
	<td class="header skipped" colspan="4" onClick="toggleElement('8c7d654d-e1b6-4d21-ad66-e894a89c337e','block');changeSingleIcon('span-8c7d654d-e1b6-4d21-ad66-e894a89c337e');" title="Click to expand/collapse" style="cursor: pointer;">
	<div style="float:left;"><i>Class&nbsp;:&nbsp;</i>ui.TestLogin</div>
	<div style="float:right;">@Test @ with DataProvider : [""] &nbsp;&nbsp;<span id='span-8c7d654d-e1b6-4d21-ad66-e894a89c337e' class="glyphicon glyphicon-menu-down"></span></div>
	</td>
	</tr>
<tr>
	<td class="time">1635158049394</td>
	<td class="methodTest">
		<span class="description"><b>Method: </b>testLoginSuccess</span><br>
			<span class="description"><b>Description: </b>Verify Login Successfully</span><br>
				<span class="description"><b>Priority: </b><font color='blue'>2</font></span><br>
					<span class="description"><b>Groups: </b><font color='green'>ui,regression</font></span><br>
				<span class="duration"><b>Duration: </b>0.000s</span><br>
	</td>
	<td class="result">
		 									<div class="stackTrace" id="8c7d654d-e1b6-4d21-ad66-e894a89c337e" style="display: block;">
												==============================================================================================<br>
												Total Passed: 0(+0), Failures: 0(+0), Skips: 2(+2)<br>
												==============================================================================================<br>
									<a href="javascript:toggleElement('exception-8c7d654d-e1b6-4d21-ad66-e894a89c337e','block')" title="Click to expand/collapse"><b>org.openqa.selenium.SessionNotCreatedException: Could not start a new session. Response code 500. Message: session not created<br/>
from tab crashed<br/>
&nbsp; (Session info: chrome=95.0.4638.54)<br/>
Build info: version: &apos;4.0.0-rc-2&apos;, revision: &apos;8d1e4aa5ae&apos;<br/>
System info: host: &apos;DESKTOP-LGJM8TM&apos;, ip: &apos;192.168.152.10&apos;, os.name: &apos;Windows 10&apos;, os.arch: &apos;amd64&apos;, os.version: &apos;10.0&apos;, java.version: &apos;17&apos;<br/>
Driver info: org.openqa.selenium.chrome.ChromeDriver<br/>
Command: [null, newSession {capabilities=[Capabilities {browserName: chrome, goog:chromeOptions: {args: [], extensions: []}}], desiredCapabilities=Capabilities {browserName: chrome, goog:chromeOptions: {args: [], extensions: []}}}]</b></a><br/>
		<div class="stackTrace" id="exception-8c7d654d-e1b6-4d21-ad66-e894a89c337e">
					org.openqa.selenium.remote.ProtocolHandshake.createSession(ProtocolHandshake.java:126)<br/>
					org.openqa.selenium.remote.ProtocolHandshake.createSession(ProtocolHandshake.java:84)<br/>
					org.openqa.selenium.remote.ProtocolHandshake.createSession(ProtocolHandshake.java:62)<br/>
					org.openqa.selenium.remote.HttpCommandExecutor.execute(HttpCommandExecutor.java:156)<br/>
					org.openqa.selenium.remote.service.DriverCommandExecutor.invokeExecute(DriverCommandExecutor.java:164)<br/>
					org.openqa.selenium.remote.service.DriverCommandExecutor.execute(DriverCommandExecutor.java:139)<br/>
					org.openqa.selenium.remote.RemoteWebDriver.execute(RemoteWebDriver.java:559)<br/>
					org.openqa.selenium.remote.RemoteWebDriver.startSession(RemoteWebDriver.java:246)<br/>
					org.openqa.selenium.remote.RemoteWebDriver.&lt;init&gt;(RemoteWebDriver.java:168)<br/>
					org.openqa.selenium.chromium.ChromiumDriver.&lt;init&gt;(ChromiumDriver.java:108)<br/>
					org.openqa.selenium.chrome.ChromeDriver.&lt;init&gt;(ChromeDriver.java:104)<br/>
					org.openqa.selenium.chrome.ChromeDriver.&lt;init&gt;(ChromeDriver.java:91)<br/>
					org.openqa.selenium.chrome.ChromeDriver.&lt;init&gt;(ChromeDriver.java:46)<br/>
					Pages.BasePage.setupDriver(BasePage.java:24)<br/>
					ui.TestLogin.setUp(TestLogin.java:22)<br/>
					java.base/jdk.internal.reflect.NativeMethodAccessorImpl.invoke0(Native Method)<br/>
					java.base/jdk.internal.reflect.NativeMethodAccessorImpl.invoke(NativeMethodAccessorImpl.java:77)<br/>
					java.base/jdk.internal.reflect.DelegatingMethodAccessorImpl.invoke(DelegatingMethodAccessorImpl.java:43)<br/>
					java.base/java.lang.reflect.Method.invoke(Method.java:568)<br/>
					org.testng.internal.MethodInvocationHelper.invokeMethod(MethodInvocationHelper.java:124)<br/>
					org.testng.internal.MethodInvocationHelper.invokeMethodConsideringTimeout(MethodInvocationHelper.java:59)<br/>
					org.testng.internal.Invoker.invokeConfigurationMethod(Invoker.java:458)<br/>
					org.testng.internal.Invoker.invokeConfigurations(Invoker.java:222)<br/>
					org.testng.internal.Invoker.invokeConfigurations(Invoker.java:142)<br/>
					org.testng.TestRunner.beforeRun(TestRunner.java:529)<br/>
					org.testng.TestRunner.run(TestRunner.java:497)<br/>
					org.testng.SuiteRunner.runTest(SuiteRunner.java:455)<br/>
					org.testng.SuiteRunner.access$000(SuiteRunner.java:40)<br/>
					org.testng.SuiteRunner$SuiteWorker.run(SuiteRunner.java:489)<br/>
					org.testng.internal.thread.ThreadUtil$1.call(ThreadUtil.java:52)<br/>
					java.base/java.util.concurrent.FutureTask.run(FutureTask.java:264)<br/>
					java.base/java.util.concurrent.ThreadPoolExecutor.runWorker(ThreadPoolExecutor.java:1136)<br/>
					java.base/java.util.concurrent.ThreadPoolExecutor$Worker.run(ThreadPoolExecutor.java:635)<br/>
					java.base/java.lang.Thread.run(Thread.java:833)<br/>
						</div>
		</td>
	</div>
</tr>
					<tr>
	<td class="time">1635158049388</td>
	<td class="header skipped" colspan="4" onClick="toggleElement('40ad6b37-ea38-47ff-8d30-fb73a3cf06d9','block');changeSingleIcon('span-40ad6b37-ea38-47ff-8d30-fb73a3cf06d9');" title="Click to expand/collapse" style="cursor: pointer;">
	<div style="float:left;"><i>Class&nbsp;:&nbsp;</i>ui.TestLogin</div>
	<div style="float:right;">@Test @ with DataProvider : [""] &nbsp;&nbsp;<span id='span-40ad6b37-ea38-47ff-8d30-fb73a3cf06d9' class="glyphicon glyphicon-menu-down"></span></div>
	</td>
	</tr>
<tr>
	<td class="time">1635158049388</td>
	<td class="methodTest">
		<span class="description"><b>Method: </b>testLoginInvalidCredentials</span><br>
			<span class="description"><b>Description: </b>Verify Login Unsuccessfully</span><br>
				<span class="description"><b>Priority: </b><font color='blue'>1</font></span><br>
					<span class="description"><b>Groups: </b><font color='green'>ui,regression</font></span><br>
				<span class="duration"><b>Duration: </b>0.000s</span><br>
	</td>
	<td class="result">
		 									<div class="stackTrace" id="40ad6b37-ea38-47ff-8d30-fb73a3cf06d9" style="display: block;">
						<a href="javascript:toggleElement('exception-40ad6b37-ea38-47ff-8d30-fb73a3cf06d9','block')" title="Click to expand/collapse"><b>org.openqa.selenium.SessionNotCreatedException: Could not start a new session. Response code 500. Message: session not created<br/>
from tab crashed<br/>
&nbsp; (Session info: chrome=95.0.4638.54)<br/>
Build info: version: &apos;4.0.0-rc-2&apos;, revision: &apos;8d1e4aa5ae&apos;<br/>
System info: host: &apos;DESKTOP-LGJM8TM&apos;, ip: &apos;192.168.152.10&apos;, os.name: &apos;Windows 10&apos;, os.arch: &apos;amd64&apos;, os.version: &apos;10.0&apos;, java.version: &apos;17&apos;<br/>
Driver info: org.openqa.selenium.chrome.ChromeDriver<br/>
Command: [null, newSession {capabilities=[Capabilities {browserName: chrome, goog:chromeOptions: {args: [], extensions: []}}], desiredCapabilities=Capabilities {browserName: chrome, goog:chromeOptions: {args: [], extensions: []}}}]</b></a><br/>
		<div class="stackTrace" id="exception-40ad6b37-ea38-47ff-8d30-fb73a3cf06d9">
					org.openqa.selenium.remote.ProtocolHandshake.createSession(ProtocolHandshake.java:126)<br/>
					org.openqa.selenium.remote.ProtocolHandshake.createSession(ProtocolHandshake.java:84)<br/>
					org.openqa.selenium.remote.ProtocolHandshake.createSession(ProtocolHandshake.java:62)<br/>
					org.openqa.selenium.remote.HttpCommandExecutor.execute(HttpCommandExecutor.java:156)<br/>
					org.openqa.selenium.remote.service.DriverCommandExecutor.invokeExecute(DriverCommandExecutor.java:164)<br/>
					org.openqa.selenium.remote.service.DriverCommandExecutor.execute(DriverCommandExecutor.java:139)<br/>
					org.openqa.selenium.remote.RemoteWebDriver.execute(RemoteWebDriver.java:559)<br/>
					org.openqa.selenium.remote.RemoteWebDriver.startSession(RemoteWebDriver.java:246)<br/>
					org.openqa.selenium.remote.RemoteWebDriver.&lt;init&gt;(RemoteWebDriver.java:168)<br/>
					org.openqa.selenium.chromium.ChromiumDriver.&lt;init&gt;(ChromiumDriver.java:108)<br/>
					org.openqa.selenium.chrome.ChromeDriver.&lt;init&gt;(ChromeDriver.java:104)<br/>
					org.openqa.selenium.chrome.ChromeDriver.&lt;init&gt;(ChromeDriver.java:91)<br/>
					org.openqa.selenium.chrome.ChromeDriver.&lt;init&gt;(ChromeDriver.java:46)<br/>
					Pages.BasePage.setupDriver(BasePage.java:24)<br/>
					ui.TestLogin.setUp(TestLogin.java:22)<br/>
					java.base/jdk.internal.reflect.NativeMethodAccessorImpl.invoke0(Native Method)<br/>
					java.base/jdk.internal.reflect.NativeMethodAccessorImpl.invoke(NativeMethodAccessorImpl.java:77)<br/>
					java.base/jdk.internal.reflect.DelegatingMethodAccessorImpl.invoke(DelegatingMethodAccessorImpl.java:43)<br/>
					java.base/java.lang.reflect.Method.invoke(Method.java:568)<br/>
					org.testng.internal.MethodInvocationHelper.invokeMethod(MethodInvocationHelper.java:124)<br/>
					org.testng.internal.MethodInvocationHelper.invokeMethodConsideringTimeout(MethodInvocationHelper.java:59)<br/>
					org.testng.internal.Invoker.invokeConfigurationMethod(Invoker.java:458)<br/>
					org.testng.internal.Invoker.invokeConfigurations(Invoker.java:222)<br/>
					org.testng.internal.Invoker.invokeConfigurations(Invoker.java:142)<br/>
					org.testng.TestRunner.beforeRun(TestRunner.java:529)<br/>
					org.testng.TestRunner.run(TestRunner.java:497)<br/>
					org.testng.SuiteRunner.runTest(SuiteRunner.java:455)<br/>
					org.testng.SuiteRunner.access$000(SuiteRunner.java:40)<br/>
					org.testng.SuiteRunner$SuiteWorker.run(SuiteRunner.java:489)<br/>
					org.testng.internal.thread.ThreadUtil$1.call(ThreadUtil.java:52)<br/>
					java.base/java.util.concurrent.FutureTask.run(FutureTask.java:264)<br/>
					java.base/java.util.concurrent.ThreadPoolExecutor.runWorker(ThreadPoolExecutor.java:1136)<br/>
					java.base/java.util.concurrent.ThreadPoolExecutor$Worker.run(ThreadPoolExecutor.java:635)<br/>
					java.base/java.lang.Thread.run(Thread.java:833)<br/>
						</div>
		</td>
	</div>
</tr>
						
			  
	</tbody>
	</table>
</div>
</body>
</html>
